2025/11/20 14:28:15 client listening on nivl
2025/11/20 14:28:17 Creating new client with name: nivl
2025/11/20 14:28:22 Created client
2025/11/20 14:28:22 Fetch current highest bid from server at time: 0
2025/11/20 14:28:22 Bidding: 24.994905 at time: 8
2025/11/20 14:28:22 error querying bidding: rpc error: code = Unavailable desc = error reading from server: read tcp [::1]:65025->[::1]:5050: wsarecv: An existing connection was forcibly closed by the remote host.
2025/11/20 14:28:28 Created client
2025/11/20 14:28:28 Fetch current highest bid from server at time: 9
2025/11/20 14:28:28 error querying auction: rpc error: code = Unavailable desc = connection error: desc = "transport: Error while dialing: dial tcp 127.0.0.1:5050: connectex: No connection could be made because the target machine actively refused it."
2025/11/20 14:28:30 Created client
2025/11/20 14:28:30 Fetch current highest bid from server at time: 9
2025/11/20 14:28:30 Bidding: 34.45471 at time: 12
2025/11/20 14:28:33 Created client
2025/11/20 14:28:33 Fetch current highest bid from server at time: 13
2025/11/20 14:28:33 Bidding: 61.645565 at time: 18
2025/11/20 14:28:38 Created client
2025/11/20 14:28:38 Fetch current highest bid from server at time: 19
2025/11/20 14:28:38 Bidding: 105.96381 at time: 25
2025/11/20 14:28:42 Created client
2025/11/20 14:28:42 Fetch current highest bid from server at time: 26
2025/11/20 14:28:42 Bidding: 124.19299 at time: 31
2025/11/20 14:28:47 Created client
2025/11/20 14:28:47 Fetch current highest bid from server at time: 32
2025/11/20 14:28:52 Created client
2025/11/20 14:28:52 Fetch current highest bid from server at time: 40
2025/11/20 14:28:54 Created client
2025/11/20 14:28:54 Fetch current highest bid from server at time: 49
2025/11/20 14:28:56 Created client
2025/11/20 14:28:56 Fetch current highest bid from server at time: 50
2025/11/20 14:28:56 Bidding: 558.5683 at time: 55
2025/11/20 14:29:00 Created client
2025/11/20 14:29:00 Fetch current highest bid from server at time: 56
2025/11/20 14:29:00 Bidding: 951.167 at time: 61
2025/11/20 14:29:02 Created client
2025/11/20 14:29:02 Fetch current highest bid from server at time: 62
2025/11/20 14:29:04 Created client
2025/11/20 14:29:04 Fetch current highest bid from server at time: 70
2025/11/20 14:29:04 Bidding: 2837.2817 at time: 74
2025/11/20 14:29:08 Created client
2025/11/20 14:29:08 Fetch current highest bid from server at time: 75
2025/11/20 14:29:14 Created client
2025/11/20 14:29:14 Fetch current highest bid from server at time: 81
2025/11/20 14:29:14 Bidding: 9341.339 at time: 89
2025/11/20 14:29:19 Created client
2025/11/20 14:29:19 Fetch current highest bid from server at time: 90
2025/11/20 14:29:22 Created client
2025/11/20 14:29:22 Fetch current highest bid from server at time: 99
2025/11/20 14:29:25 Created client
2025/11/20 14:29:25 Fetch current highest bid from server at time: 104
2025/11/20 14:29:27 Created client
2025/11/20 14:29:27 Fetch current highest bid from server at time: 107
2025/11/20 14:29:32 Created client
2025/11/20 14:29:32 Fetch current highest bid from server at time: 109
exit status 0xc000013a
