2025/11/20 14:19:32 client listening on halw
2025/11/20 14:19:34 Creating new client with name halw
2025/11/20 14:19:36 made client
2025/11/20 14:19:36 checking what the auction is at at timestamp 0
2025/11/20 14:19:36 betting 11.156015 at 3
2025/11/20 14:19:38 made client
2025/11/20 14:19:38 checking what the auction is at at timestamp 4
2025/11/20 14:19:38 betting 19.135479 at 9
2025/11/20 14:19:40 made client
2025/11/20 14:19:40 checking what the auction is at at timestamp 10
2025/11/20 14:19:42 made client
2025/11/20 14:19:42 checking what the auction is at at timestamp 17
2025/11/20 14:19:42 betting 37.10848 at 22
2025/11/20 14:19:42 error querying bidding: rpc error: code = Unavailable desc = error reading from server: read tcp [::1]:64384->[::1]:5050: wsarecv: An existing connection was forcibly closed by the remote host.
2025/11/20 14:19:44 made client
2025/11/20 14:19:44 checking what the auction is at at timestamp 23
2025/11/20 14:19:44 error querying auction: rpc error: code = Unavailable desc = connection error: desc = "transport: Error while dialing: dial tcp 127.0.0.1:5050: connectex: No connection could be made because the target machine actively refused it."
panic: runtime error: invalid memory address or nil pointer dereference
[signal 0xc0000005 code=0x0 addr=0x1c pc=0x7ff6c832466a]

goroutine 1 [running]:
Mandatory_5_-_Auction_System/client.(*client).Run(0xc000114000)
	C:/Storage/ITU/3 Sem. Distributed Systems/Mandatory 5 - Auction System/client/client.go:43 +0x26a
main.startClient({0xc00000a117, 0x4})
	C:/Storage/ITU/3 Sem. Distributed Systems/Mandatory 5 - Auction System/main.go:32 +0xbd
main.main()
	C:/Storage/ITU/3 Sem. Distributed Systems/Mandatory 5 - Auction System/main.go:17 +0x125
exit status 2
