2025/11/20 14:19:32 server listening on port :5050
2025/11/20 14:19:32 Starting server on port :5050
2025/11/20 14:19:36 Received new query at time: 0
2025/11/20 14:19:36 Sending result to client at time: 1
2025/11/20 14:19:36 Received new query at time: 1
2025/11/20 14:19:36 Sending result to client at time: 2
2025/11/20 14:19:36 Received bid: 11.540519 at time: 2
2025/11/20 14:19:36 Current bid: 10
2025/11/20 14:19:36 New highest bid: 11.540519
2025/11/20 14:19:36 Performing backup...
2025/11/20 14:19:36 Backup completed
2025/11/20 14:19:36 Received new query at time: 3
2025/11/20 14:19:36 Sending result to client at time: 4
2025/11/20 14:19:36 Received bid: 11.156015 at time: 3
2025/11/20 14:19:36 Current bid: 11.540519
2025/11/20 14:19:36 Performing backup...
2025/11/20 14:19:36 Backup completed
2025/11/20 14:19:38 Received new query at time: 5
2025/11/20 14:19:38 Sending result to client at time: 6
2025/11/20 14:19:38 Received new query at time: 6
2025/11/20 14:19:38 Sending result to client at time: 7
2025/11/20 14:19:38 Received new query at time: 7
2025/11/20 14:19:38 Sending result to client at time: 8
2025/11/20 14:19:38 Received bid: 19.135479 at time: 9
2025/11/20 14:19:38 Current bid: 11.540519
2025/11/20 14:19:38 New highest bid: 19.135479
2025/11/20 14:19:38 Performing backup...
2025/11/20 14:19:38 Backup completed
2025/11/20 14:19:40 Received new query at time: 10
2025/11/20 14:19:40 Sending result to client at time: 11
2025/11/20 14:19:40 Received new query at time: 11
2025/11/20 14:19:40 Sending result to client at time: 12
2025/11/20 14:19:40 Received bid: 26.81242 at time: 13
2025/11/20 14:19:40 Current bid: 19.135479
2025/11/20 14:19:40 New highest bid: 26.81242
2025/11/20 14:19:40 Performing backup...
2025/11/20 14:19:40 Backup completed
2025/11/20 14:19:40 Received bid: 25.26732 at time: 12
2025/11/20 14:19:40 Current bid: 26.81242
2025/11/20 14:19:40 Performing backup...
2025/11/20 14:19:40 Backup completed
2025/11/20 14:19:40 Received new query at time: 15
2025/11/20 14:19:40 Sending result to client at time: 16
2025/11/20 14:19:42 Received new query at time: 16
2025/11/20 14:19:42 Sending result to client at time: 17
2025/11/20 14:19:42 Received new query at time: 17
2025/11/20 14:19:42 Sending result to client at time: 18
2025/11/20 14:19:42 Received bid: 30.715101 at time: 19
2025/11/20 14:19:42 Current bid: 26.81242
2025/11/20 14:19:42 New highest bid: 30.715101
2025/11/20 14:19:42 Performing backup...
2025/11/20 14:19:42 Backup completed
2025/11/20 14:19:42 Received new query at time: 20
2025/11/20 14:19:42 Sending result to client at time: 21
2025/11/20 14:19:42 Received bid: 37.10848 at time: 22
2025/11/20 14:19:42 Current bid: 30.715101
2025/11/20 14:19:42 New highest bid: 37.10848
2025/11/20 14:19:42 Change da world, my final message. Goodbye.
panic: (*server.auctionServer) 0xc0001ce9f0

goroutine 125 [running]:
Mandatory_5_-_Auction_System/server.crashServer(0xc0001ce9f0)
	C:/Storage/ITU/3 Sem. Distributed Systems/Mandatory 5 - Auction System/server/server.go:155 +0x70
Mandatory_5_-_Auction_System/server.(*auctionServer).Bidding(0xc0001ce9f0, {0x7ff6c8436920?, 0xc0004c1908?}, 0xc0002a8080)
	C:/Storage/ITU/3 Sem. Distributed Systems/Mandatory 5 - Auction System/server/server.go:89 +0x5dc
Mandatory_5_-_Auction_System/grpc._Auction_Bidding_Handler({0x7ff6c8436920, 0xc0001ce9f0}, {0x7ff6c8550eb0, 0xc0002a0570}, 0xc0002cc380, 0x0)
	C:/Storage/ITU/3 Sem. Distributed Systems/Mandatory 5 - Auction System/grpc/proto_grpc.pb.go:127 +0x1a6
google.golang.org/grpc.(*Server).processUnaryRPC(0xc0001e2008, {0x7ff6c8550eb0, 0xc0002a0330}, 0xc0002c4000, 0xc0001ceb40, 0x7ff6c88fc6c0, 0x0)
	C:/Users/nikol/go/pkg/mod/google.golang.org/grpc@v1.77.0/server.go:1428 +0x1192
google.golang.org/grpc.(*Server).handleStream(0xc0001e2008, {0x7ff6c8551198, 0xc0002c44e0}, 0xc0002c4000)
	C:/Users/nikol/go/pkg/mod/google.golang.org/grpc@v1.77.0/server.go:1832 +0xdc6
google.golang.org/grpc.(*Server).serveStreams.func2.1()
	C:/Users/nikol/go/pkg/mod/google.golang.org/grpc@v1.77.0/server.go:1063 +0x7f
created by google.golang.org/grpc.(*Server).serveStreams.func2 in goroutine 164
	C:/Users/nikol/go/pkg/mod/google.golang.org/grpc@v1.77.0/server.go:1074 +0x11d
exit status 2
