2025/11/20 14:28:14 server listening on port :6000
2025/11/20 14:28:14 Starting server on port :6000
2025/11/20 14:28:27 Received new query at time: 6
2025/11/20 14:28:27 Sending result to client at time: 7
2025/11/20 14:28:29 Received new query at time: 7
2025/11/20 14:28:29 Sending result to client at time: 8
2025/11/20 14:28:29 Received bid: 23.85961 at time: 9
2025/11/20 14:28:29 Current bid: 20.141262
2025/11/20 14:28:29 New highest bid: 23.85961
2025/11/20 14:28:30 Received new query at time: 10
2025/11/20 14:28:30 Sending result to client at time: 11
2025/11/20 14:28:30 Received bid: 34.45471 at time: 12
2025/11/20 14:28:30 Current bid: 23.85961
2025/11/20 14:28:30 New highest bid: 34.45471
2025/11/20 14:28:32 Received new query at time: 13
2025/11/20 14:28:32 Sending result to client at time: 14
2025/11/20 14:28:32 Received bid: 54.780025 at time: 15
2025/11/20 14:28:32 Current bid: 34.45471
2025/11/20 14:28:32 New highest bid: 54.780025
2025/11/20 14:28:33 Received new query at time: 16
2025/11/20 14:28:33 Sending result to client at time: 17
2025/11/20 14:28:33 Received bid: 61.645565 at time: 18
2025/11/20 14:28:33 Current bid: 54.780025
2025/11/20 14:28:33 New highest bid: 61.645565
2025/11/20 14:28:35 Received new query at time: 19
2025/11/20 14:28:35 Sending result to client at time: 20
2025/11/20 14:28:35 Received bid: 77.789154 at time: 21
2025/11/20 14:28:35 Current bid: 61.645565
2025/11/20 14:28:35 New highest bid: 77.789154
2025/11/20 14:28:35 Received new query at time: 22
2025/11/20 14:28:35 Sending result to client at time: 23
2025/11/20 14:28:38 Received new query at time: 23
2025/11/20 14:28:38 Sending result to client at time: 24
2025/11/20 14:28:38 Received bid: 105.96381 at time: 25
2025/11/20 14:28:38 Current bid: 77.789154
2025/11/20 14:28:38 New highest bid: 105.96381
2025/11/20 14:28:39 Received new query at time: 26
2025/11/20 14:28:39 Sending result to client at time: 27
2025/11/20 14:28:41 Received new query at time: 27
2025/11/20 14:28:41 Sending result to client at time: 28
2025/11/20 14:28:41 Received new query at time: 28
2025/11/20 14:28:41 Sending result to client at time: 29
2025/11/20 14:28:42 Received new query at time: 29
2025/11/20 14:28:42 Sending result to client at time: 30
2025/11/20 14:28:42 Received bid: 124.19299 at time: 31
2025/11/20 14:28:42 Current bid: 105.96381
2025/11/20 14:28:42 New highest bid: 124.19299
2025/11/20 14:28:43 Received new query at time: 32
2025/11/20 14:28:43 Sending result to client at time: 33
2025/11/20 14:28:43 Received bid: 175.22227 at time: 34
2025/11/20 14:28:43 Current bid: 124.19299
2025/11/20 14:28:43 New highest bid: 175.22227
2025/11/20 14:28:45 Received new query at time: 35
2025/11/20 14:28:45 Sending result to client at time: 36
2025/11/20 14:28:45 Received bid: 230.58664 at time: 37
2025/11/20 14:28:45 Current bid: 175.22227
2025/11/20 14:28:45 New highest bid: 230.58664
2025/11/20 14:28:47 Received new query at time: 38
2025/11/20 14:28:47 Sending result to client at time: 39
2025/11/20 14:28:47 Received new query at time: 39
2025/11/20 14:28:47 Sending result to client at time: 40
2025/11/20 14:28:49 Received new query at time: 40
2025/11/20 14:28:49 Sending result to client at time: 41
2025/11/20 14:28:51 Received new query at time: 41
2025/11/20 14:28:51 Sending result to client at time: 42
2025/11/20 14:28:51 Received bid: 313.92343 at time: 43
2025/11/20 14:28:51 Current bid: 230.58664
2025/11/20 14:28:51 New highest bid: 313.92343
2025/11/20 14:28:51 Received new query at time: 44
2025/11/20 14:28:51 Sending result to client at time: 45
2025/11/20 14:28:51 Received bid: 373.80927 at time: 46
2025/11/20 14:28:51 Current bid: 313.92343
2025/11/20 14:28:51 New highest bid: 373.80927
2025/11/20 14:28:52 Received new query at time: 47
2025/11/20 14:28:52 Sending result to client at time: 48
2025/11/20 14:28:54 Received new query at time: 48
2025/11/20 14:28:54 Sending result to client at time: 49
2025/11/20 14:28:55 Received new query at time: 49
2025/11/20 14:28:55 Sending result to client at time: 50
2025/11/20 14:28:55 Received new query at time: 50
2025/11/20 14:28:55 Sending result to client at time: 51
2025/11/20 14:28:55 Received bid: 439.98996 at time: 52
2025/11/20 14:28:55 Current bid: 373.80927
2025/11/20 14:28:55 New highest bid: 439.98996
2025/11/20 14:28:56 Received new query at time: 53
2025/11/20 14:28:56 Sending result to client at time: 54
2025/11/20 14:28:56 Received bid: 558.5683 at time: 55
2025/11/20 14:28:56 Current bid: 439.98996
2025/11/20 14:28:56 New highest bid: 558.5683
2025/11/20 14:28:58 Received new query at time: 56
2025/11/20 14:28:58 Sending result to client at time: 57
2025/11/20 14:28:58 Received bid: 805.5742 at time: 58
2025/11/20 14:28:58 Current bid: 558.5683
2025/11/20 14:28:58 New highest bid: 805.5742
2025/11/20 14:29:00 Received new query at time: 59
2025/11/20 14:29:00 Sending result to client at time: 60
2025/11/20 14:29:00 Received bid: 951.167 at time: 61
2025/11/20 14:29:00 Current bid: 805.5742
2025/11/20 14:29:00 New highest bid: 951.167
2025/11/20 14:29:01 Received new query at time: 62
2025/11/20 14:29:01 Sending result to client at time: 63
2025/11/20 14:29:01 Received bid: 1191.1011 at time: 64
2025/11/20 14:29:01 Current bid: 951.167
2025/11/20 14:29:01 New highest bid: 1191.1011
2025/11/20 14:29:01 Received new query at time: 65
2025/11/20 14:29:01 Sending result to client at time: 66
2025/11/20 14:29:01 Received bid: 1476.0198 at time: 67
2025/11/20 14:29:01 Current bid: 1191.1011
2025/11/20 14:29:01 New highest bid: 1476.0198
2025/11/20 14:29:02 Received new query at time: 68
2025/11/20 14:29:02 Sending result to client at time: 69
2025/11/20 14:29:03 Received new query at time: 69
2025/11/20 14:29:03 Sending result to client at time: 70
2025/11/20 14:29:03 Received bid: 1957.2775 at time: 71
2025/11/20 14:29:03 Current bid: 1476.0198
2025/11/20 14:29:03 New highest bid: 1957.2775
2025/11/20 14:29:04 Received new query at time: 72
2025/11/20 14:29:04 Sending result to client at time: 73
2025/11/20 14:29:04 Received bid: 2837.2817 at time: 74
2025/11/20 14:29:04 Current bid: 1957.2775
2025/11/20 14:29:04 New highest bid: 2837.2817
2025/11/20 14:29:07 Received new query at time: 75
2025/11/20 14:29:07 Sending result to client at time: 76
2025/11/20 14:29:07 Received bid: 4993.3384 at time: 77
2025/11/20 14:29:07 Current bid: 2837.2817
2025/11/20 14:29:07 New highest bid: 4993.3384
2025/11/20 14:29:07 Received new query at time: 78
2025/11/20 14:29:07 Sending result to client at time: 79
2025/11/20 14:29:08 Received new query at time: 79
2025/11/20 14:29:08 Sending result to client at time: 80
2025/11/20 14:29:10 Received new query at time: 80
2025/11/20 14:29:10 Sending result to client at time: 81
2025/11/20 14:29:10 Received new query at time: 81
2025/11/20 14:29:10 Sending result to client at time: 82
2025/11/20 14:29:10 Received bid: 5866.7295 at time: 83
2025/11/20 14:29:10 Current bid: 4993.3384
2025/11/20 14:29:10 New highest bid: 5866.7295
2025/11/20 14:29:13 Received new query at time: 84
2025/11/20 14:29:13 Sending result to client at time: 85
2025/11/20 14:29:13 Received bid: 8049.3296 at time: 86
2025/11/20 14:29:13 Current bid: 5866.7295
2025/11/20 14:29:13 New highest bid: 8049.3296
2025/11/20 14:29:14 Received new query at time: 87
2025/11/20 14:29:14 Sending result to client at time: 88
2025/11/20 14:29:14 Received bid: 9341.339 at time: 89
2025/11/20 14:29:14 Current bid: 8049.3296
2025/11/20 14:29:14 New highest bid: 9341.339
2025/11/20 14:29:15 Received new query at time: 90
2025/11/20 14:29:15 Sending result to client at time: 91
2025/11/20 14:29:15 Received bid: 11007.749 at time: 92
2025/11/20 14:29:15 Current bid: 9341.339
2025/11/20 14:29:15 New highest bid: 11007.749
2025/11/20 14:29:16 Received new query at time: 93
2025/11/20 14:29:16 Sending result to client at time: 94
2025/11/20 14:29:16 Received bid: 13232.7295 at time: 95
2025/11/20 14:29:16 Current bid: 11007.749
2025/11/20 14:29:16 New highest bid: 13232.7295
2025/11/20 14:29:18 Received new query at time: 96
2025/11/20 14:29:18 Sending result to client at time: 97
2025/11/20 14:29:19 Received new query at time: 97
2025/11/20 14:29:19 Sending result to client at time: 98
2025/11/20 14:29:20 Received new query at time: 98
2025/11/20 14:29:20 Sending result to client at time: 99
2025/11/20 14:29:20 Received bid: 17853.428 at time: 100
2025/11/20 14:29:20 Current bid: 13232.7295
2025/11/20 14:29:20 New highest bid: 17853.428
2025/11/20 14:29:20 Received new query at time: 101
2025/11/20 14:29:20 Sending result to client at time: 102
2025/11/20 14:29:20 Received bid: 19948.781 at time: 103
2025/11/20 14:29:20 Current bid: 17853.428
2025/11/20 14:29:20 SOLD! FOR 17853.428 DOLLARS!
2025/11/20 14:29:20 Auction over. No more bidding is allowed. Sold for 17853.428
2025/11/20 14:29:22 Received new query at time: 102
2025/11/20 14:29:22 Sending result to client at time: 103
2025/11/20 14:29:24 Received new query at time: 103
2025/11/20 14:29:24 Sending result to client at time: 104
2025/11/20 14:29:24 Received new query at time: 104
2025/11/20 14:29:24 Sending result to client at time: 105
2025/11/20 14:29:25 Received new query at time: 105
2025/11/20 14:29:25 Sending result to client at time: 106
2025/11/20 14:29:26 Received new query at time: 106
2025/11/20 14:29:26 Sending result to client at time: 107
2025/11/20 14:29:27 Received new query at time: 107
2025/11/20 14:29:27 Sending result to client at time: 108
2025/11/20 14:29:30 Received new query at time: 108
2025/11/20 14:29:30 Sending result to client at time: 109
2025/11/20 14:29:30 Received new query at time: 109
2025/11/20 14:29:30 Sending result to client at time: 110
2025/11/20 14:29:32 Received new query at time: 110
2025/11/20 14:29:32 Sending result to client at time: 111
exit status 0xc000013a
